[41;37m./luci-app-autorepeater: has no/multi config file(s), skipping...[0m
[41;37m./luci-app-autorepeater: has no/multi config file(s), skipping...[0m
[41;37m./luci-app-autorepeater: has no/multi config file(s), skipping...[0m
[41;37m./luci-app-autorepeater: has no/multi config file(s), skipping...[0m
[41;37m./luci-app-autorepeater: has no/multi config file(s), skipping...[0m
[41;37m./luci-app-autorepeater: has no/multi config file(s), skipping...[0m
[41;37m./luci-app-autorepeater: has no/multi config file(s), skipping...[0m
[41;37m./luci-app-autorepeater: has no/multi config file(s), skipping...[0m
[41;37m./luci-app-cifsd: has no/multi config file(s), skipping...[0m
[41;37m./luci-app-cifsd: has no/multi config file(s), skipping...[0m
[41;37m./luci-app-cifsd: has no/multi config file(s), skipping...[0m
[41;37m./luci-app-cifsd: has no/multi config file(s), skipping...[0m
[41;37m./luci-app-cifsd: has no/multi config file(s), skipping...[0m
[41;37m./luci-app-ddnsto: has no/multi config file(s), skipping...[0m
[41;37m./luci-app-ddnsto: has no/multi config file(s), skipping...[0m
[41;37m./luci-app-ddnsto: has no/multi config file(s), skipping...[0m
[41;37m./luci-app-ddnsto: has no/multi config file(s), skipping...[0m
[41;37m./luci-app-ddnsto: has no/multi config file(s), skipping...[0m
[41;37m./luci-app-diskman: has no/multi config file(s), skipping...[0m
[41;37m./luci-app-diskman: has no/multi config file(s), skipping...[0m
[41;37m./luci-app-dnscrypt-proxy2: has no/multi config file(s), skipping...[0m
[41;37m./luci-app-dnscrypt-proxy2: has no/multi config file(s), skipping...[0m
[41;37m./luci-app-dnscrypt-proxy2: has no/multi config file(s), skipping...[0m
[41;37m./luci-app-dnscrypt-proxy2: has no/multi config file(s), skipping...[0m
[41;37m./luci-app-dnscrypt-proxy2: has no/multi config file(s), skipping...[0m
[41;37m./luci-app-dnscrypt-proxy2: has no/multi config file(s), skipping...[0m
[41;37m./luci-app-dnsmasq-ipset: has no/multi config file(s), skipping...[0m
[41;37m./luci-app-dnsmasq-ipset: has no/multi config file(s), skipping...[0m
[41;37m./luci-app-dnsmasq-ipset: has no/multi config file(s), skipping...[0m
[41;37m./luci-app-dnsmasq-ipset: has no/multi config file(s), skipping...[0m
[41;37m./luci-app-dnsmasq-ipset: has no/multi config file(s), skipping...[0m
[41;37m./luci-app-dnsmasq-ipset: has no/multi config file(s), skipping...[0m
[41;37m./luci-app-dnsmasq-ipset: has no/multi config file(s), skipping...[0m
[41;37m./luci-app-fileassistant: has no/multi config file(s), skipping...[0m
[41;37m./luci-app-fileassistant: has no/multi config file(s), skipping...[0m
[41;37m./luci-app-fileassistant: has no/multi config file(s), skipping...[0m
[41;37m./luci-app-fileassistant: has no/multi config file(s), skipping...[0m
[41;37m./luci-app-filetransfer: has no/multi config file(s), skipping...[0m
[41;37m./luci-app-filetransfer: has no/multi config file(s), skipping...[0m
[41;37m./luci-app-filetransfer: has no/multi config file(s), skipping...[0m
[41;37m./luci-app-filetransfer: has no/multi config file(s), skipping...[0m
[41;37m./luci-app-gpsysupgrade: has no/multi config file(s), skipping...[0m
[41;37m./luci-app-gpsysupgrade: has no/multi config file(s), skipping...[0m
[41;37m./luci-app-gpsysupgrade: has no/multi config file(s), skipping...[0m
[41;37m./luci-app-gpsysupgrade: has no/multi config file(s), skipping...[0m
[41;37m./luci-app-gpsysupgrade: has no/multi config file(s), skipping...[0m
[41;37m./luci-app-gpsysupgrade: has no/multi config file(s), skipping...[0m
[41;37m./luci-app-iptvhelper: has no/multi config file(s), skipping...[0m
[41;37m./luci-app-iptvhelper: has no/multi config file(s), skipping...[0m
[41;37m./luci-app-iptvhelper: has no/multi config file(s), skipping...[0m
[41;37m./luci-app-iptvhelper: has no/multi config file(s), skipping...[0m
[41;37m./luci-app-iptvhelper: has no/multi config file(s), skipping...[0m
[41;37m./luci-app-koolproxyR: has no/multi config file(s), skipping...[0m
[41;37m./luci-app-koolproxyR: has no/multi config file(s), skipping...[0m
[41;37m./luci-app-koolproxyR: has no/multi config file(s), skipping...[0m
[41;37m./luci-app-koolproxyR: has no/multi config file(s), skipping...[0m
[41;37m./luci-app-koolproxyR: has no/multi config file(s), skipping...[0m
[41;37m./luci-app-koolproxyR: has no/multi config file(s), skipping...[0m
[41;37m./luci-app-ledtrig-rssi: has no/multi config file(s), skipping...[0m
[41;37m./luci-app-ledtrig-rssi: has no/multi config file(s), skipping...[0m
[41;37m./luci-app-ledtrig-rssi: has no/multi config file(s), skipping...[0m
[41;37m./luci-app-ledtrig-switch: has no/multi config file(s), skipping...[0m
[41;37m./luci-app-ledtrig-switch: has no/multi config file(s), skipping...[0m
[41;37m./luci-app-ledtrig-switch: has no/multi config file(s), skipping...[0m
[41;37m./luci-app-ledtrig-usbport: has no/multi config file(s), skipping...[0m
[41;37m./luci-app-ledtrig-usbport: has no/multi config file(s), skipping...[0m
[41;37m./luci-app-ledtrig-usbport: has no/multi config file(s), skipping...[0m
[41;37m./luci-app-mentohust: has no/multi config file(s), skipping...[0m
[41;37m./luci-app-mentohust: has no/multi config file(s), skipping...[0m
[41;37m./luci-app-mentohust: has no/multi config file(s), skipping...[0m
[41;37m./luci-app-mentohust: has no/multi config file(s), skipping...[0m
[41;37m./luci-app-mentohust: has no/multi config file(s), skipping...[0m
[41;37m./luci-app-minieap: has no/multi config file(s), skipping...[0m
[41;37m./luci-app-minieap: has no/multi config file(s), skipping...[0m
[41;37m./luci-app-minieap: has no/multi config file(s), skipping...[0m
[41;37m./luci-app-minieap: has no/multi config file(s), skipping...[0m
[41;37m./luci-app-minieap: has no/multi config file(s), skipping...[0m
[41;37m./luci-app-mtwifi: has no/multi config file(s), skipping...[0m
[41;37m./luci-app-mtwifi: has no/multi config file(s), skipping...[0m
[41;37m./luci-app-mtwifi: has no/multi config file(s), skipping...[0m
[41;37m./luci-app-mtwifi: has no/multi config file(s), skipping...[0m
[41;37m./luci-app-netdata: has no/multi config file(s), skipping...[0m
[41;37m./luci-app-netdata: has no/multi config file(s), skipping...[0m
[41;37m./luci-app-netdata: has no/multi config file(s), skipping...[0m
[41;37m./luci-app-netdata: has no/multi config file(s), skipping...[0m
[41;37m./luci-app-netdata: has no/multi config file(s), skipping...[0m
[41;37m./luci-app-netdata: has no/multi config file(s), skipping...[0m
[41;37m./luci-app-onliner: has no/multi config file(s), skipping...[0m
[41;37m./luci-app-onliner: has no/multi config file(s), skipping...[0m
[41;37m./luci-app-onliner: has no/multi config file(s), skipping...[0m
[41;37m./luci-app-onliner: has no/multi config file(s), skipping...[0m
[41;37m./luci-app-onliner: has no/multi config file(s), skipping...[0m
[41;37m./luci-app-onliner: has no/multi config file(s), skipping...[0m
[41;37m./luci-app-onliner: has no/multi config file(s), skipping...[0m
[41;37m./luci-app-poweroff: has no/multi config file(s), skipping...[0m
[41;37m./luci-app-poweroff: has no/multi config file(s), skipping...[0m
[41;37m./luci-app-poweroff: has no/multi config file(s), skipping...[0m
[41;37m./luci-app-poweroff: has no/multi config file(s), skipping...[0m
[41;37m./luci-app-poweroff: has no/multi config file(s), skipping...[0m
[41;37m./luci-app-poweroff: has no/multi config file(s), skipping...[0m
[41;37m./luci-app-ramfree: has no/multi config file(s), skipping...[0m
[41;37m./luci-app-ramfree: has no/multi config file(s), skipping...[0m
[41;37m./luci-app-ramfree: has no/multi config file(s), skipping...[0m
[41;37m./luci-app-ramfree: has no/multi config file(s), skipping...[0m
[41;37m./luci-app-sms-tool: has no/multi config file(s), skipping...[0m
[41;37m./luci-app-sms-tool: has no/multi config file(s), skipping...[0m
[41;37m./luci-app-sms-tool: has no/multi config file(s), skipping...[0m
[41;37m./luci-app-sms-tool: has no/multi config file(s), skipping...[0m
[41;37m./luci-app-sms-tool: has no/multi config file(s), skipping...[0m
[41;37m./luci-app-smstool: has no/multi config file(s), skipping...[0m
[41;37m./luci-app-smstool: has no/multi config file(s), skipping...[0m
[41;37m./luci-app-smstool: has no/multi config file(s), skipping...[0m
[41;37m./luci-app-tencentddns: has no/multi config file(s), skipping...[0m
[41;37m./luci-app-tencentddns: has no/multi config file(s), skipping...[0m
[41;37m./luci-app-tencentddns: has no/multi config file(s), skipping...[0m
[41;37m./luci-app-tencentddns: has no/multi config file(s), skipping...[0m
[41;37m./luci-app-tencentddns: has no/multi config file(s), skipping...[0m
[41;37m./luci-app-ttyd: has no/multi config file(s), skipping...[0m
[41;37m./luci-app-ttyd: has no/multi config file(s), skipping...[0m
[41;37m./luci-app-ttyd: has no/multi config file(s), skipping...[0m
[41;37m./luci-app-ttyd: has no/multi config file(s), skipping...[0m
[41;37m./luci-app-udp2raw: has no/multi config file(s), skipping...[0m
[41;37m./luci-app-udp2raw: has no/multi config file(s), skipping...[0m
[41;37m./luci-app-udp2raw: has no/multi config file(s), skipping...[0m
[41;37m./luci-app-udp2raw: has no/multi config file(s), skipping...[0m
[41;37m./luci-app-udp2raw: has no/multi config file(s), skipping...[0m
[41;37m./luci-app-udp2raw: has no/multi config file(s), skipping...[0m
[41;37m./luci-app-udp2raw: has no/multi config file(s), skipping...[0m
[41;37m./luci-app-udp2raw: has no/multi config file(s), skipping...[0m
[41;37m./luci-app-wrtbwmon: has no/multi config file(s), skipping...[0m
[41;37m./luci-app-wrtbwmon: has no/multi config file(s), skipping...[0m
[41;37m./luci-app-wrtbwmon: has no/multi config file(s), skipping...[0m
[41;37m./luci-app-wrtbwmon: has no/multi config file(s), skipping...[0m
[41;37m./luci-app-xlnetacc: has no/multi config file(s), skipping...[0m
[41;37m./luci-app-xlnetacc: has no/multi config file(s), skipping...[0m
[41;37m./luci-app-xlnetacc: has no/multi config file(s), skipping...[0m
[41;37m./luci-app-xlnetacc: has no/multi config file(s), skipping...[0m
[41;37m./luci-app-xlnetacc: has no/multi config file(s), skipping...[0m
[41;37m./luci-app-autorepeater: has no/multi config file(s), skipping...[0m
[41;37m./luci-app-autorepeater: has no/multi config file(s), skipping...[0m
[41;37m./luci-app-autorepeater: has no/multi config file(s), skipping...[0m
[41;37m./luci-app-autorepeater: has no/multi config file(s), skipping...[0m
[41;37m./luci-app-autorepeater: has no/multi config file(s), skipping...[0m
[41;37m./luci-app-autorepeater: has no/multi config file(s), skipping...[0m
[41;37m./luci-app-autorepeater: has no/multi config file(s), skipping...[0m
[41;37m./luci-app-autorepeater: has no/multi config file(s), skipping...[0m
[41;37m./luci-app-cifsd: has no/multi config file(s), skipping...[0m
[41;37m./luci-app-cifsd: has no/multi config file(s), skipping...[0m
[41;37m./luci-app-cifsd: has no/multi config file(s), skipping...[0m
[41;37m./luci-app-cifsd: has no/multi config file(s), skipping...[0m
[41;37m./luci-app-cifsd: has no/multi config file(s), skipping...[0m
[41;37m./luci-app-ddnsto: has no/multi config file(s), skipping...[0m
[41;37m./luci-app-ddnsto: has no/multi config file(s), skipping...[0m
[41;37m./luci-app-ddnsto: has no/multi config file(s), skipping...[0m
[41;37m./luci-app-ddnsto: has no/multi config file(s), skipping...[0m
[41;37m./luci-app-ddnsto: has no/multi config file(s), skipping...[0m
[41;37m./luci-app-diskman: has no/multi config file(s), skipping...[0m
[41;37m./luci-app-diskman: has no/multi config file(s), skipping...[0m
[41;37m./luci-app-dnscrypt-proxy2: has no/multi config file(s), skipping...[0m
[41;37m./luci-app-dnscrypt-proxy2: has no/multi config file(s), skipping...[0m
[41;37m./luci-app-dnscrypt-proxy2: has no/multi config file(s), skipping...[0m
[41;37m./luci-app-dnscrypt-proxy2: has no/multi config file(s), skipping...[0m
[41;37m./luci-app-dnscrypt-proxy2: has no/multi config file(s), skipping...[0m
[41;37m./luci-app-dnscrypt-proxy2: has no/multi config file(s), skipping...[0m
[41;37m./luci-app-dnsmasq-ipset: has no/multi config file(s), skipping...[0m
[41;37m./luci-app-dnsmasq-ipset: has no/multi config file(s), skipping...[0m
[41;37m./luci-app-dnsmasq-ipset: has no/multi config file(s), skipping...[0m
[41;37m./luci-app-dnsmasq-ipset: has no/multi config file(s), skipping...[0m
[41;37m./luci-app-dnsmasq-ipset: has no/multi config file(s), skipping...[0m
[41;37m./luci-app-dnsmasq-ipset: has no/multi config file(s), skipping...[0m
[41;37m./luci-app-dnsmasq-ipset: has no/multi config file(s), skipping...[0m
[41;37m./luci-app-fileassistant: has no/multi config file(s), skipping...[0m
[41;37m./luci-app-fileassistant: has no/multi config file(s), skipping...[0m
[41;37m./luci-app-fileassistant: has no/multi config file(s), skipping...[0m
[41;37m./luci-app-fileassistant: has no/multi config file(s), skipping...[0m
[41;37m./luci-app-filetransfer: has no/multi config file(s), skipping...[0m
[41;37m./luci-app-filetransfer: has no/multi config file(s), skipping...[0m
[41;37m./luci-app-filetransfer: has no/multi config file(s), skipping...[0m
[41;37m./luci-app-filetransfer: has no/multi config file(s), skipping...[0m
[41;37m./luci-app-gpsysupgrade: has no/multi config file(s), skipping...[0m
[41;37m./luci-app-gpsysupgrade: has no/multi config file(s), skipping...[0m
[41;37m./luci-app-gpsysupgrade: has no/multi config file(s), skipping...[0m
[41;37m./luci-app-gpsysupgrade: has no/multi config file(s), skipping...[0m
[41;37m./luci-app-gpsysupgrade: has no/multi config file(s), skipping...[0m
[41;37m./luci-app-gpsysupgrade: has no/multi config file(s), skipping...[0m
[41;37m./luci-app-iptvhelper: has no/multi config file(s), skipping...[0m
[41;37m./luci-app-iptvhelper: has no/multi config file(s), skipping...[0m
[41;37m./luci-app-iptvhelper: has no/multi config file(s), skipping...[0m
[41;37m./luci-app-iptvhelper: has no/multi config file(s), skipping...[0m
[41;37m./luci-app-iptvhelper: has no/multi config file(s), skipping...[0m
[41;37m./luci-app-koolproxyR: has no/multi config file(s), skipping...[0m
[41;37m./luci-app-koolproxyR: has no/multi config file(s), skipping...[0m
[41;37m./luci-app-koolproxyR: has no/multi config file(s), skipping...[0m
[41;37m./luci-app-koolproxyR: has no/multi config file(s), skipping...[0m
[41;37m./luci-app-koolproxyR: has no/multi config file(s), skipping...[0m
[41;37m./luci-app-koolproxyR: has no/multi config file(s), skipping...[0m
[41;37m./luci-app-ledtrig-rssi: has no/multi config file(s), skipping...[0m
[41;37m./luci-app-ledtrig-rssi: has no/multi config file(s), skipping...[0m
[41;37m./luci-app-ledtrig-rssi: has no/multi config file(s), skipping...[0m
[41;37m./luci-app-ledtrig-switch: has no/multi config file(s), skipping...[0m
[41;37m./luci-app-ledtrig-switch: has no/multi config file(s), skipping...[0m
[41;37m./luci-app-ledtrig-switch: has no/multi config file(s), skipping...[0m
[41;37m./luci-app-ledtrig-usbport: has no/multi config file(s), skipping...[0m
[41;37m./luci-app-ledtrig-usbport: has no/multi config file(s), skipping...[0m
[41;37m./luci-app-ledtrig-usbport: has no/multi config file(s), skipping...[0m
[41;37m./luci-app-mentohust: has no/multi config file(s), skipping...[0m
[41;37m./luci-app-mentohust: has no/multi config file(s), skipping...[0m
[41;37m./luci-app-mentohust: has no/multi config file(s), skipping...[0m
[41;37m./luci-app-mentohust: has no/multi config file(s), skipping...[0m
[41;37m./luci-app-mentohust: has no/multi config file(s), skipping...[0m
[41;37m./luci-app-minieap: has no/multi config file(s), skipping...[0m
[41;37m./luci-app-minieap: has no/multi config file(s), skipping...[0m
[41;37m./luci-app-minieap: has no/multi config file(s), skipping...[0m
[41;37m./luci-app-minieap: has no/multi config file(s), skipping...[0m
[41;37m./luci-app-minieap: has no/multi config file(s), skipping...[0m
[41;37m./luci-app-mtwifi: has no/multi config file(s), skipping...[0m
[41;37m./luci-app-mtwifi: has no/multi config file(s), skipping...[0m
[41;37m./luci-app-mtwifi: has no/multi config file(s), skipping...[0m
[41;37m./luci-app-mtwifi: has no/multi config file(s), skipping...[0m
[41;37m./luci-app-netdata: has no/multi config file(s), skipping...[0m
[41;37m./luci-app-netdata: has no/multi config file(s), skipping...[0m
[41;37m./luci-app-netdata: has no/multi config file(s), skipping...[0m
[41;37m./luci-app-netdata: has no/multi config file(s), skipping...[0m
[41;37m./luci-app-netdata: has no/multi config file(s), skipping...[0m
[41;37m./luci-app-netdata: has no/multi config file(s), skipping...[0m
[41;37m./luci-app-onliner: has no/multi config file(s), skipping...[0m
[41;37m./luci-app-onliner: has no/multi config file(s), skipping...[0m
[41;37m./luci-app-onliner: has no/multi config file(s), skipping...[0m
[41;37m./luci-app-onliner: has no/multi config file(s), skipping...[0m
[41;37m./luci-app-onliner: has no/multi config file(s), skipping...[0m
[41;37m./luci-app-onliner: has no/multi config file(s), skipping...[0m
[41;37m./luci-app-onliner: has no/multi config file(s), skipping...[0m
[41;37m./luci-app-poweroff: has no/multi config file(s), skipping...[0m
[41;37m./luci-app-poweroff: has no/multi config file(s), skipping...[0m
[41;37m./luci-app-poweroff: has no/multi config file(s), skipping...[0m
[41;37m./luci-app-poweroff: has no/multi config file(s), skipping...[0m
[41;37m./luci-app-poweroff: has no/multi config file(s), skipping...[0m
[41;37m./luci-app-poweroff: has no/multi config file(s), skipping...[0m
[41;37m./luci-app-ramfree: has no/multi config file(s), skipping...[0m
[41;37m./luci-app-ramfree: has no/multi config file(s), skipping...[0m
[41;37m./luci-app-ramfree: has no/multi config file(s), skipping...[0m
[41;37m./luci-app-ramfree: has no/multi config file(s), skipping...[0m
[41;37m./luci-app-sms-tool: has no/multi config file(s), skipping...[0m
[41;37m./luci-app-sms-tool: has no/multi config file(s), skipping...[0m
[41;37m./luci-app-sms-tool: has no/multi config file(s), skipping...[0m
[41;37m./luci-app-sms-tool: has no/multi config file(s), skipping...[0m
[41;37m./luci-app-sms-tool: has no/multi config file(s), skipping...[0m
[41;37m./luci-app-smstool: has no/multi config file(s), skipping...[0m
[41;37m./luci-app-smstool: has no/multi config file(s), skipping...[0m
[41;37m./luci-app-smstool: has no/multi config file(s), skipping...[0m
[41;37m./luci-app-tencentddns: has no/multi config file(s), skipping...[0m
[41;37m./luci-app-tencentddns: has no/multi config file(s), skipping...[0m
[41;37m./luci-app-tencentddns: has no/multi config file(s), skipping...[0m
[41;37m./luci-app-tencentddns: has no/multi config file(s), skipping...[0m
[41;37m./luci-app-tencentddns: has no/multi config file(s), skipping...[0m
[41;37m./luci-app-ttyd: has no/multi config file(s), skipping...[0m
[41;37m./luci-app-ttyd: has no/multi config file(s), skipping...[0m
[41;37m./luci-app-ttyd: has no/multi config file(s), skipping...[0m
[41;37m./luci-app-ttyd: has no/multi config file(s), skipping...[0m
[41;37m./luci-app-udp2raw: has no/multi config file(s), skipping...[0m
[41;37m./luci-app-udp2raw: has no/multi config file(s), skipping...[0m
[41;37m./luci-app-udp2raw: has no/multi config file(s), skipping...[0m
[41;37m./luci-app-udp2raw: has no/multi config file(s), skipping...[0m
[41;37m./luci-app-udp2raw: has no/multi config file(s), skipping...[0m
[41;37m./luci-app-udp2raw: has no/multi config file(s), skipping...[0m
[41;37m./luci-app-udp2raw: has no/multi config file(s), skipping...[0m
[41;37m./luci-app-udp2raw: has no/multi config file(s), skipping...[0m
[41;37m./luci-app-wrtbwmon: has no/multi config file(s), skipping...[0m
[41;37m./luci-app-wrtbwmon: has no/multi config file(s), skipping...[0m
[41;37m./luci-app-wrtbwmon: has no/multi config file(s), skipping...[0m
[41;37m./luci-app-wrtbwmon: has no/multi config file(s), skipping...[0m
[41;37m./luci-app-xlnetacc: has no/multi config file(s), skipping...[0m
[41;37m./luci-app-xlnetacc: has no/multi config file(s), skipping...[0m
[41;37m./luci-app-xlnetacc: has no/multi config file(s), skipping...[0m
[41;37m./luci-app-xlnetacc: has no/multi config file(s), skipping...[0m
[41;37m./luci-app-xlnetacc: has no/multi config file(s), skipping...[0m
